<?xml version="1.0" encoding="UTF-8"?>
<TestRun id="2f6e9d1a-5c7d-4b1d-8f5a-2c5b3e1e6f6d" name="TestResults" runUser="DESKTOP-12345\user" xmlns="http://microsoft.com/schemas/VisualStudio/TeamTest/2010">
  <Results>
    <!-- Your existing test entries -->
    <UnitTestResult executionId="2f6e9d1a-5c7d-4b1d-8f5a-2c5b3e1e6f6d" testId="f9c8d7e6-4b1d-8f5a-2c5b3e1e6f6d" testName="Test1" computerName="DESKTOP-12345" duration="00:00:00.0010000" startTime="2023-12-28T13:28:39.0000000+01:00" endTime="2023-12-28T13:28:39.0010000+01:00" testType="13cdc9d9-ddb5-4fa4-a97d-d965ccfc6d4b" outcome="Passed" testListId="8c84fa94-04c1-424b-9868-57a2d4851a1d" relativeResultsDirectory="2f6e9d1a-5c7d-4b1d-8f5a-2c5b3e1e6f6d" />
    <UnitTestResult executionId="2f6e9d1a-5c7d-4b1d-8f5a-2c5b3e1e6f6d" testId="f9c8d7e6-4b1d-8f5a-2c5b3e1e6f6d" testName="Test2" computerName="DESKTOP-12345" duration="00:00:00.0010000" startTime="2023-12-28T13:28:39.0010000+01:00" endTime="2023-12-28T13:28:39.0020000+01:00" testType="13cdc9d9-ddb5-4fa4-a97d-d965ccfc6d4b" outcome="Failed" testListId="8c84fa94-04c1-424b-9868-57a2d4851a1d" relativeResultsDirectory="2f6e9d1a-5c7d-4b1d-8f5a-2c5b3e1e6f6d" />

    <!-- 100 additional test entries -->
    <!-- This is an example, please replace with appropriate values -->
    <!-- Example test entry -->
    <!-- 
    <UnitTestResult executionId="UniqueExecutionID1" testId="UniqueTestID1" testName="TestName1" computerName="ComputerName1" duration="00:00:00.0010000" startTime="2023-12-28T13:28:39.0010000+01:00" endTime="2023-12-28T13:28:39.0020000+01:00" testType="TestType1" outcome="Passed" testListId="TestListID1" relativeResultsDirectory="RelativeResultsDirectory1" />
    -->

    <!-- Repeat the above pattern 100 times with unique values for each test entry -->
    <!-- Example Test Entries -->
    <!-- Entry 1 -->
    <UnitTestResult executionId="UniqueExecutionID1" testId="UniqueTestID1" testName="TestName1" computerName="ComputerName1" duration="00:00:00.0010000" startTime="2023-12-28T13:28:39.0010000+01:00" endTime="2023-12-28T13:28:39.0020000+01:00" testType="TestType1" outcome="Passed" testListId="TestListID1" relativeResultsDirectory="RelativeResultsDirectory1" />

    <!-- Entry 2 -->
    <UnitTestResult executionId="UniqueExecutionID2" testId="UniqueTestID2" testName="TestName2" computerName="ComputerName2" duration="00:00:00.0010000" startTime="2023-12-28T13:30:00.0010000+01:00" endTime="2023-12-28T13:30:00.0020000+01:00" testType="TestType2" outcome="Failed" testListId="TestListID2" relativeResultsDirectory="RelativeResultsDirectory2" />

    <!-- Repeat the above pattern for 98 more test entries with unique values -->
    <!-- Entry 99 -->
    <UnitTestResult executionId="UniqueExecutionID99" testId="UniqueTestID99" testName="TestName99" computerName="ComputerName99" duration="00:00:00.0010000" startTime="2023-12-28T14:00:00.0010000+01:00" endTime="2023-12-28T14:00:00.0020000+01:00" testType="TestType99" outcome="Passed" testListId="TestListID99" relativeResultsDirectory="RelativeResultsDirectory99" />

    <!-- Entry 100 -->
    <UnitTestResult executionId="UniqueExecutionID100" testId="UniqueTestID100" testName="TestName100" computerName="ComputerName100" duration="00:00:00.0010000" startTime="2023-12-28T14:01:00.0010000+01:00" endTime="2023-12-28T14:01:00.0020000+01:00" testType="TestType100" outcome="Failed" testListId="TestListID100" relativeResultsDirectory="RelativeResultsDirectory100" />

  </Results>
</TestRun>
